         w __deregister_frame_info
         w _ITM_deregisterTMCloneTable
         w _ITM_registerTMCloneTable
         w _Jv_RegisterClasses
         w __register_frame_info
00000000 b .LANCHOR1
00000000 a shift
00000000 b _TLS_MODULE_BASE_
00000000 00002000 b tmp_buffer.6528
00001ff8 b .LANCHOR2
00002000 00000401 b __fixedpath
00002404 00000802 b __utf16path
00002c08 00000802 b __utf16path_old.6599
00100000 T _start
00100000 T __start__
00100008 T __service_ptr
0010000c T __apt_appid
00100010 T __heap_size
00100014 T __linear_heap_size
00100018 T __system_arglist
0010001c T __system_runflags
00100020 t startup
00100058 t ClearMem
0010006c t ClrLoop
00100094 T _init
001000ac t deregister_tm_clones
001000dc t register_tm_clones
00100114 t __do_global_dtors_aux
00100158 t frame_dummy
001001b4 T initSystem
001001f8 T __ctru_exit
00100218 T __aeabi_uidiv
00100218 000001ec T __udivsi3
00100218 t .udivsi3_skip_div0_test
00100404 00000020 T __aeabi_uidivmod
00100424 00000004 W __aeabi_idiv0
00100424 00000004 W __aeabi_ldiv0
00100428 0000019c T __aeabi_frsub
00100430 00000194 T __aeabi_fsub
00100430 00000194 T __subsf3
00100434 00000190 T __addsf3
00100434 00000190 T __aeabi_fadd
001005c4 00000028 T __aeabi_ui2f
001005c4 00000028 T __floatunsisf
001005cc 00000020 T __aeabi_i2f
001005cc 00000020 T __floatsisf
001005ec 0000008c T __aeabi_ul2f
001005ec 0000008c T __floatundisf
001005fc 0000007c T __aeabi_l2f
001005fc 0000007c T __floatdisf
00100688 00000390 T strcmp
00100a20 00000008 t null_write
00100a28 00000018 T setDefaultDevice
00100a40 000000bc T FindDevice
00100afc 0000002c T RemoveDevice
00100b28 00000098 T AddDevice
00100bc0 00000024 T GetDeviceOpTab
00100be4 0000007c T _close_r
00100c60 0000006c T _fstat_r
00100ccc 00000008 T _isatty_r
00100cd4 00000078 T _lseek_r
00100d4c 000000c8 T _open_r
00100e14 00000078 T _read_r
00100e8c 00000070 T _sbrk_r
00100efc 00000078 T _write_r
00100f74 000001bc T _concatenate_path
00101130 00000154 T chdir
00101284 000000a0 T getcwd
00101324 00000008 T __flockfile
0010132c 00000008 T __funlockfile
00101334 00000018 T __libc_lock_init
0010134c 00000018 T __libc_lock_acquire
00101364 00000024 T __libc_lock_try_acquire
00101388 00000018 T __libc_lock_release
001013a0 00000018 T __libc_lock_close
001013b8 00000018 T __libc_lock_init_recursive
001013d0 00000018 T __libc_lock_acquire_recursive
001013e8 00000024 T __libc_lock_try_acquire_recursive
0010140c 00000018 T __libc_lock_release_recursive
00101424 00000018 T __libc_lock_close_recursive
0010143c 00000044 T __free_handle
00101480 0000003c T __release_handle
001014bc 00000078 T __alloc_handle
00101534 0000001c T __get_handle
00101550 000000a4 T dup
001015f4 0000010c T dup2
00101700 00000028 T __getreent
00101728 000000c8 t Huffman_Construct
001017f0 0000005c t BitStream_GetBits
0010184c 00000074 t Decode
001018c0 00000308 T Deflate_Read
00101bc8 00000050 T Client_SendServer
00101c18 000001c4 T Client_Start
00101ddc 00000070 T Client_Close
00101e4c 00000098 T Client_Recv
00101ee4 0000000c T Client_GetErrorMessage
00101ef0 00000068 T Client_KeepAlive
00101f58 00000070 t Shader_Create
00101fc8 0000002c t Flush
00101ff4 00000018 T BindShader
0010200c 00000070 T DrawRect
0010207c 00000010 T GetCurrTime
0010208c 0000046c T main
001024f8 00000020 T Text_Close
00102518 0000006c T Text_Init
00102584 000002ec T Text_Draw
00102870 00000014 T Text_Clear
00102884 0000003c T Utils_SetUniformMatrix
001028c0 000000ac T Utils_LoadImage
0010296c 0000007c T Utils_Vertex22Rect
001029e8 00000214 T Math_MatrixMatrixMult
00102bfc 00000104 T Math_RotateMatrix
00102d00 00000138 T Math_Perspective
00102e38 000000ec T Math_Ortho
00102f24 00000044 T Memory_Init
00102f68 00000010 T Memory_Close
00102f78 000000a4 T Memory_StackPop
0010301c 00000050 T Memory_StackAlloc
0010306c 00000018 T Memory_GetStack
00103084 00000018 T Memory_SetStack
0010309c 00000064 T Sound_Load
00103100 0000000c T Sound_Close
0010310c 00000058 T Sound_Play
00103164 00000030 t Close
00103194 00000100 t RenderTop
00103294 000000c4 t RenderBottom
00103358 000000a4 t Update
001033fc 00000114 T MainMenu_Init
00103510 00000028 T AttrInfo_Init
00103538 000000a4 T AttrInfo_AddLoader
001035dc 00000054 T C3D_SetAttrInfo
00103630 00000080 T C3Di_AttrInfoBind
001036b0 00000068 t C3Di_AptEventHook
00103718 0000014c T C3D_Init
00103864 00000098 T C3D_SetViewport
001038fc 00000564 T C3Di_UpdateContext
00103e60 00000098 T C3D_FlushAsync
00103ef8 00000038 T C3D_Fini
00103f30 000000d4 T C3D_BindProgram
00104004 00000020 T BufInfo_Init
00104024 00000084 T BufInfo_Add
001040a8 00000040 T C3D_SetBufInfo
001040e8 00000048 T C3Di_BufInfoBind
00104130 00000148 T C3D_DrawArrays
00104278 0000003c T C3D_DepthMap
001042b4 0000001c T C3D_CullFace
001042d0 0000003c T C3D_StencilTest
0010430c 00000024 T C3D_StencilOp
00104330 0000001c T C3D_BlendingColor
0010434c 00000028 T C3D_DepthTest
00104374 00000028 T C3D_AlphaTest
0010439c 00000050 T C3D_AlphaBlend
001043ec 00000030 T C3D_FragOpMode
0010441c 0000011c T C3Di_EffectBind
00104538 000000b4 T C3D_ImmSendAttrib
001045ec 000000a4 T C3D_RenderBufInit
00104690 00000080 T C3D_RenderBufClearAsync
00104710 00000028 T C3D_RenderBufTransferAsync
00104738 00000038 T C3D_RenderBufBind
00104770 00000168 T C3Di_RenderBufBind
001048d8 00000034 T TexEnv_Init
0010490c 00000034 T C3D_GetTexEnv
00104940 00000024 T C3Di_TexEnvBind
00104964 000000a0 T C3D_TexInit
00104a04 000000a0 T C3D_TexInitVRAM
00104aa4 00000024 T C3D_TexSetFilter
00104ac8 00000024 T C3D_TexSetWrap
00104aec 00000034 T C3D_TexBind
00104b20 0000003c T C3D_TexDelete
00104b5c 000002a8 T C3D_UpdateUniforms
00104e04 000000c0 T C3Di_DirtyUniforms
00104ec4 000000d4 T C3Di_LoadShaderUniforms
00104f98 00000028 T C3Di_ClearShaderUniforms
00104fc0 00000024 t addrMapNodeComparator(rbtree_node const*, rbtree_node const*)
00104fe4 00000004 t addrMapNodeDestructor(rbtree_node*)
00104fe8 00000140 T linearMemAlign
00105128 00000008 T linearAlloc
00105130 00000050 T linearFree
00105180 000000a0 T MemPool::CoalesceRight(MemBlock*)
00105220 0000018c T MemPool::Allocate(MemChunk&, unsigned long, int)
001053ac 00000104 T MemPool::Deallocate(MemChunk const&)
001054b0 00000024 t addrMapNodeComparator(rbtree_node const*, rbtree_node const*)
001054d4 00000004 t addrMapNodeDestructor(rbtree_node*)
001054d8 00000130 T vramMemAlign
00105608 00000008 T vramAlloc
00105610 00000050 T vramFree
00105660 0000008c t gfxSetFramebufferInfo.part.0
001056ec 00000070 T gfxSetFramebufferInfo
0010575c 000000c4 T gfxWriteFramebufferInfo
00105820 000001d0 T gfxInit
001059f0 00000010 T gfxInitDefault
00105a00 000000e0 T gfxExit
00105ae0 000000b0 T gfxGetFramebuffer
00105b90 0000005c T gfxSwapBuffersGpu
00105bec 00000058 t getSysTime
00105c44 0000004c T osConvertVirtToPhys
00105c90 00000024 T osGetMemRegionUsed
00105cb8 000000f4 T __libctru_gtod
00105db0 00000078 T osGetTime
00105e28 00000034 T __ctru_speedup_config
00105e5c 00000008 t romfs_close
00105e64 00000088 t romfs_seek
00105eec 00000010 t romfs_stat
00105efc 00000010 t romfs_diropen
00105f0c 00000010 t romfs_dirreset
00105f1c 00000010 t romfs_dirnext
00105f2c 00000008 t romfs_dirclose
00105f34 00000040 t romfs_fstat
00105f74 0000004c t _romfs_read
00105fc0 0000006c t romfs_read
0010602c 00000168 t romfsInitCommon
00106194 00000258 t navigateToDir.constprop.1
001063ec 00000184 t romfs_open
00106570 0000004c t romfs_chdir
001065bc 00000274 T romfsInit
00106830 0000005c T romfsExit
0010688c 0000002c T GPUCMD_SetBuffer
001068b8 00000068 T GPUCMD_FlushAndRun
00106920 000000e4 T GPUCMD_Add
00106a04 00000098 T GPUCMD_Finalize
00106a9c 00000040 T f32tof24
00106adc 00000040 T f32tof31
00106b1c 00000054 T GX_ProcessCommandList
00106b70 00000060 T GX_MemoryFill
00106bd0 00000050 T GX_DisplayTransfer
00106c20 00000054 T GX_FlushCacheRegions
00106c74 00000048 t GPU_SetShaderOutmap
00106cbc 000000b8 t GPU_SendShaderCode.constprop.0
00106d74 00000070 t GPU_SendOperandDescriptors.constprop.1
00106de4 0000023c T shaderInstanceInit
00107020 00000038 T shaderInstanceFree
00107058 00000018 T shaderInstanceGetUniformLocation
00107070 00000018 T shaderProgramInit
00107088 00000030 T shaderProgramFree
001070b8 0000006c T shaderProgramSetVsh
00107124 00000340 T shaderProgramConfigure
00107464 0000003c T DVLB_Free
001074a0 00000080 T DVLE_GetUniformRegister
00107520 00000198 T DVLE_GenerateOutmap
001076b8 00000198 T DVLB_ParseFile
00107850 00000068 t __apt_initservicehandle
001078b8 00000004 W _aptDebug
001078bc 00000098 T aptInitCaptureInfo
00107954 00000028 T aptWaitStatusEvent
0010797c 00000060 T aptGetMenuAppID
001079dc 00000034 T aptHook
00107a10 0000002c T aptUnhook
00107a3c 0000006c T aptSetStatus
00107aa8 00000048 T APT_GetLockHandle
00107af0 00000060 T APT_Initialize
00107b50 00000034 T APT_Finalize
00107b84 00000048 T APT_InquireNotification
00107bcc 0000002c T APT_PrepareToJumpToHomeMenu
00107bf8 00000050 T APT_JumpToHomeMenu
00107c48 00000034 T APT_PrepareToJumpToApplication
00107c7c 00000050 T APT_JumpToApplication
00107ccc 00000034 T APT_NotifyToWait
00107d00 0000007c T APT_AppletUtility
00107d7c 00000188 T aptAppletUtility_Exit_RetToApp
00107f04 0000003c T aptAppletClosed
00107f40 00000114 t aptAppStarted
00108054 00000298 T aptInit
001082ec 0000006c T APT_ReceiveParameter
00108358 00000064 T APT_SendParameter
001083bc 00000044 T APT_SendCaptureBufferInfo
00108400 00000264 T aptReturnToMenu
00108664 00000038 T APT_ReplySleepQuery
0010869c 00000034 T APT_ReplySleepNotificationComplete
001086d0 000003f4 T aptEventHandler
00108ac4 00000034 T APT_PrepareToCloseApplication
00108af8 00000050 T APT_CloseApplication
00108b48 000002d0 T aptExit
00108e18 0000006c T APT_CheckNew3DS_System
00108e84 0000008c T APT_CheckNew3DS
00108f10 00000054 T APT_StartLibraryApplet
00108f64 00000174 T aptAppletStarted
001090d8 000001a4 T aptMainLoop
0010927c 000001c4 T csndInit
00109440 00000094 T csndExit
001094d4 000000c8 T csndAddCmd
0010959c 000000a8 T csndExecCmds
00109644 00000268 T csndPlaySound
001098ac 000000c8 T fsInit
00109974 00000034 T fsExit
001099a8 000000dc T FSUSER_OpenFile
00109a84 000000f8 T FSUSER_OpenFileDirectly
00109b7c 000000b8 T FSUSER_DeleteFile
00109c34 000000f4 T FSUSER_RenameFile
00109d28 000000b8 T FSUSER_DeleteDirectory
00109de0 000000d0 T FSUSER_CreateFile
00109eb0 000000c0 T FSUSER_CreateDirectory
00109f70 000000f4 T FSUSER_RenameDirectory
0010a064 000000c4 T FSUSER_OpenDirectory
0010a128 000000bc T FSUSER_OpenArchive
0010a1e4 00000088 T FSUSER_CloseArchive
0010a26c 0000008c T FSUSER_GetSdmcArchiveResource
0010a2f8 00000064 T FSUSER_IsSdmcWritable
0010a35c 0000005c T FSFILE_Read
0010a3b8 00000064 T FSFILE_Write
0010a41c 0000003c T FSFILE_GetSize
0010a458 0000002c T FSFILE_SetSize
0010a484 0000003c T FSFILE_Close
0010a4c0 00000024 T FSFILE_Flush
0010a4e4 00000054 T FSDIR_Read
0010a538 0000003c T FSDIR_Close
0010a574 000000e8 t gspEventThreadMain
0010a65c 00000074 T gspInit
0010a6d0 0000003c T gspExit
0010a70c 000000d0 T gspInitEventHandler
0010a7dc 0000005c T gspExitEventHandler
0010a838 00000058 T gspWaitForEvent
0010a890 00000128 T gspSubmitGxCommand
0010a9b8 0000004c T GSPGPU_FlushDataCache
0010aa04 00000034 T GSPGPU_SetLcdForceBlack
0010aa38 00000064 T GSPGPU_RegisterInterruptRelayQueue
0010aa9c 0000002c T GSPGPU_UnregisterInterruptRelayQueue
0010aac8 00000048 T GSPGPU_AcquireRight
0010ab10 0000002c T GSPGPU_ReleaseRight
0010ab3c 00000080 T GSPGPU_ImportDisplayCaptureInfo
0010abbc 0000002c T GSPGPU_SaveVramSysArea
0010abe8 0000002c T GSPGPU_RestoreVramSysArea
0010ac14 000000d8 T hidExit
0010acec 00000238 T hidScanInput
0010af24 00000010 T hidKeysDown
0010af34 00000018 T hidTouchRead
0010af4c 00000090 T HIDUSER_GetHandles
0010afdc 00000184 T hidInit
0010b160 000000b0 T irrstScanInput
0010b210 0000001c T irrstKeysHeld
0010b22c 00000050 T IRRST_GetHandles
0010b27c 00000148 T irrstInit
0010b3c4 0000002c T IRRST_Shutdown
0010b3f0 000000b0 T irrstExit
0010b4a0 00000070 T ptmSysmInit
0010b510 00000034 T ptmSysmExit
0010b544 00000034 T PTMSYSM_ConfigureNew3DSCPU
0010b578 00000184 T bind
0010b6fc 00000078 T closesocket
0010b774 0000003c T _net_convert_error
0010b7b0 00000168 T fcntl
0010b918 00000024 T inet_addr
0010b93c 000001c8 T inet_aton
0010bb04 00000010 t soc_open
0010bb14 00000030 t soc_read
0010bb44 00000030 t soc_write
0010bb74 00000098 t soc_close
0010bc0c 00000140 T socInit
0010bd4c 00000088 T socExit
0010bdd4 00000140 T socuipc_cmd7
0010bf14 00000154 T socuipc_cmd8
0010c068 00000024 T soc_recvfrom
0010c08c 00000098 T recvfrom
0010c124 00000160 T socuipc_cmd9
0010c284 00000164 T socuipc_cmda
0010c3e8 00000024 T soc_sendto
0010c40c 00000098 T sendto
0010c4a4 00000128 T socket
0010c5cc 00000070 T rbtree_find
0010c63c 00000014 T rbtree_init
0010c650 000001d4 t do_insert
0010c824 00000008 T rbtree_insert
0010c82c 0000035c T rbtree_remove
0010cb88 000000ac T rbtree_rotate
0010cc34 000000bc T utf8_to_utf16
0010ccf0 00000058 t osGetMemRegionSize
0010cd48 00000124 W __system_allocateHeaps
0010ce6c 000000f4 T __system_initArgv
0010cf60 00000038 W __libctru_init
0010cf98 00000030 t __ctru_get_reent
0010cfc8 000000e8 T __system_initSyscalls
0010d0b0 T svcControlMemory
0010d0d0 T svcExitProcess
0010d0d8 T svcCreateThread
0010d0f8 T svcExitThread
0010d100 T svcReleaseMutex
0010d108 T svcCreateEvent
0010d11c T svcSignalEvent
0010d124 T svcClearEvent
0010d12c T svcCreateMemoryBlock
0010d144 T svcMapMemoryBlock
0010d14c T svcUnmapMemoryBlock
0010d154 T svcCreateAddressArbiter
0010d168 T svcArbitrateAddress
0010d188 T svcCloseHandle
0010d190 T svcWaitSynchronization
0010d198 T svcWaitSynchronizationN
0010d1c0 T svcDuplicateHandle
0010d1d4 T svcGetSystemTick
0010d1dc T svcGetSystemInfo
0010d1f4 T svcConnectToPort
0010d208 T svcSendSyncRequest
0010d210 T svcBreak
0010d218 00000024 t addrMapNodeComparator(rbtree_node const*, rbtree_node const*)
0010d23c 00000004 t addrMapNodeDestructor(rbtree_node*)
0010d240 000000f4 T mappableAlloc
0010d334 00000050 T mappableFree
0010d384 00000094 T envGetHandle
0010d418 0000004c T envDestroyHandles
0010d464 00000050 T srvExit
0010d4b4 00000038 T srvRegisterClient
0010d4ec 00000070 T srvInit
0010d55c 00000068 T srvGetServiceHandleDirect
0010d5c4 00000038 T srvGetServiceHandle
0010d5fc 00000034 t LightLock_Unlock.part.1
0010d630 0000000c T __sync_init
0010d63c 00000018 T __sync_fini
0010d654 00000018 T LightLock_Init
0010d66c 00000094 T LightLock_Lock
0010d700 00000034 T LightLock_TryLock
0010d734 00000020 T LightLock_Unlock
0010d754 00000024 T RecursiveLock_Init
0010d778 00000030 T RecursiveLock_Lock
0010d7a8 00000058 T RecursiveLock_TryLock
0010d800 00000038 T RecursiveLock_Unlock
0010d838 000001c8 T threadCreate
0010da00 00000024 T threadJoin
0010da24 0000006c T threadExit
0010da90 0000003c t _thread_begin
0010dacc 0000008c T rbtree_node_next
0010db58 00000138 T decode_utf8
0010dc90 00000068 T encode_utf16
0010dcf8 0000001c W __appExit
0010dd14 0000001c W __appInit
0010dd30 000000a4 W __libctru_exit
0010ddd4 00000010 t sdmc_link
0010dde4 00000010 t sdmc_dirreset
0010ddf4 00000010 t sdmc_chmod
0010de04 00000010 t sdmc_fchmod
0010de14 00000024 t error_cmp
0010de38 00000050 t sdmc_translate_error
0010de88 00000034 t sdmc_fsync
0010debc 00000054 t sdmc_ftruncate
0010df10 000000ac t sdmc_statvfs
0010dfbc 00000038 t sdmc_dirclose
0010dff4 000000e0 t sdmc_dirnext
0010e0d4 00000034 t sdmc_close
0010e108 00000074 t sdmc_fstat
0010e17c 000000c0 t sdmc_seek
0010e23c 0000008c t sdmc_read
0010e2c8 00000108 t sdmc_write
0010e3d0 000001b4 t sdmc_utf16path
0010e584 00000080 t sdmc_rmdir
0010e604 0000009c t sdmc_diropen
0010e6a0 000000a8 t sdmc_chdir
0010e748 00000084 t sdmc_mkdir
0010e7cc 00000138 t sdmc_rename
0010e904 00000080 t sdmc_unlink
0010e984 00000120 t sdmc_stat
0010eaa4 000001ac t sdmc_open
0010ec50 00000134 T sdmcInit
0010ed84 00000050 T sdmcExit
0010edd4 000000e4 T utf16_to_utf8
0010eeb8 T __aeabi_read_tp
0010eec4 00000060 T decode_utf16
0010ef24 00000104 T encode_utf8
0010f028 000000c8 T cos
0010f0f0 000000b8 T floorf
0010f1a8 00000180 T floor
0010f328 000000d0 T sin
0010f3f8 00000088 T tan
0010f480 00000304 T __ieee754_rem_pio2
0010f788 00000150 T __kernel_cos
0010f8d8 00000898 T __kernel_rem_pio2
00110170 000000c0 T __kernel_sin
00110230 00000270 T __kernel_tan
001104a0 00000010 T fabs
001104b0 00000184 T scalbn
00110638 0000001c T copysign
00110654 00000078 T bsearch
001106cc 0000000c T __errno
001106d8 00000120 T _fclose_r
001107f8 00000018 T fclose
00110810 00000230 T __sflush_r
00110a40 00000090 T _fflush_r
00110ad0 00000038 T fflush
00110b08 000000b4 T fgetc
00110bbc 0000000c T _cleanup_r
00110bc8 00000080 t std.isra.0
00110c48 00000048 T __sfmoreglue
00110c90 0000008c T __sinit
00110d1c 0000011c T __sfp
00110e38 0000000c T __sfp_lock_acquire
00110e44 0000000c T __sfp_lock_release
00110e50 0000003c T __libc_fini_array
00110e8c 0000013c T _fopen_r
00110fc8 00000020 T fopen
00110fe8 000002ec T _fread_r
001112d4 00000038 T fread
0011130c 000000f8 T _malloc_trim_r
00111404 000002e4 T _free_r
001116e8 00000004 T _fseek_r
001116ec 000004f8 T _fseeko_r
00111be4 00000078 T _fwalk
00111c5c 00000080 T _fwalk_reent
00111cdc 00000078 T __libc_init_array
00111d54 00000160 T __smakebuf_r
00111eb4 00000020 T memalign
00111ed4 0000015c T _memalign_r
00112030 00000018 T malloc
00112048 00000018 T free
00112060 000007a8 T _malloc_r
00112808 000000a8 T memcmp
001128b0 000000f0 T memcpy
001129a0 000000f4 T memset
00112a94 0000000c T __malloc_lock
00112aa0 0000000c T __malloc_unlock
00112aac 0000001c t lflush
00112ac8 000001d8 T __srefill_r
00112ca0 00000050 T __srget_r
00112cf0 00000030 T __sread
00112d20 00000054 T __swrite
00112d74 0000002c T __sseek
00112da0 00000008 T __sclose
00112da8 0000015c T strchr
00112f04 000000f0 T strcpy
00112ff4 0000005c T strlen
00113050 000000a4 T strncat
001130f4 0000011c T strncmp
00113210 000000e0 T strncpy
001132f0 00000018 T close
00113308 000000b0 T __sflags
001133b8 0000005c T strnlen
00113414 00000044 T strrchr
00113458 T _fini
00114000 R vshader_rigged_shbin
001141f0 R vshader_rigged_shbin_end
001141f0 R vshader_rigged_shbin_size
001141f4 R vshader_3d_shbin
00114314 R vshader_3d_shbin_end
00114314 R vshader_3d_shbin_size
00114318 R vshader_3d_textureless_shbin
00114438 R vshader_3d_textureless_shbin_end
00114438 R vshader_3d_textureless_shbin_size
0011443c R vshader_2d_shbin
00114560 R vshader_2d_shbin_end
00114560 R vshader_2d_shbin_size
00114564 00000013 r order.9892
00114578 0000003a r lens.9874
001145b4 0000003a r lext.9875
001145f0 0000003c r dists.9876
0011462c 0000003c r dext.9877
00114668 00000060 r squareData
001146d8 00000003 r parm.9677
001146dc 00000004 r CSWTCH.7
001146e0 00000005 r colorFmtSizes
001146e8 00000004 r depthFmtSizes
001146ec 00000014 r CSWTCH.2
00114700 00000014 r CSWTCH.21
00114748 00000024 r CSWTCH.14
0011476c 0000000c r __apt_servicenames
00114778 0000004d r _net_error_code_map
001147c8 00000030 r error_table
001147f8 00000068 R dotab_stdnull
00114860 00000003 R DIRECTORY_PARENT
00114864 00000002 R DIRECTORY_THIS
00114868 00000002 R DIRECTORY_SEPARATOR
00114a38 00000080 r npio2_hw
00114ab8 00000108 r two_over_pi
00114bc0 00000010 r init_jk
00114bd0 00000040 r PIo2
00114c10 00000101 R _ctype_
00114d14 00000004 R _global_impure_ptr
00114d20 r __EH_FRAME_BEGIN__
00114d20 R __exidx_end
00114d20 R __exidx_start
00115000 00000001 d topFormat
00115001 00000001 d botFormat
00115004 00000008 d doubleBuf
0011500c 00000068 d romFS_devoptab
00115074 00000068 d soc_devoptab
001150dc W __stacksize__
001150e0 00000401 d __cwd
001154e8 00000018 d sdmcArchive
00115500 00000068 d sdmc_devoptab
00115568 00000004 d defaultDevice
0011556c 00000040 D devoptab_list
001155ac 00001000 d _current_working_directory
001165ac 0000000c d __stdin_handle
001165b8 0000000c d __stdout_handle
001165c4 0000000c d __stderr_handle
001165d0 00000004 d __hndl_lock
001165d4 00001000 d handles
001175d4 00000004 D __ctype_ptr__
001175d8 0000000c d __sfp_lock
001175e4 0000000c d __sinit_lock
001175f0 00000440 d impure_data
00117a30 00000004 D _impure_ptr
00117a34 00000408 D __malloc_av_
00117e3c 00000004 D __malloc_trim_threshold
00117e40 00000004 D __malloc_sbrk_base
00117e44 0000000c d __malloc_lock_object
00117e50 t __frame_dummy_init_array_entry
00117e50 T __init_array_start
00117e50 d __JCR_LIST__
00117e50 B __preinit_array_end
00117e50 B __preinit_array_start
00117e50 D __tdata_lma
00117e50 D __tdata_lma_end
00117e50 D __TMC_END__
00117e50 d __TMC_LIST__
00117e54 t __do_global_dtors_aux_fini_array_entry
00117e54 T __fini_array_start
00117e54 T __init_array_end
00117e58 T __bss_start__
00117e58 b completed.6505
00117e58 T __fini_array_end
00117e5c b object.6510
00117e78 00000010 b client
00117e88 00000020 b server
00117ea8 00000004 b socketContext
00117eac 00000020 b errorMessage
00117ed0 00000004 b nRectsInDrawQueue
00117ed4 00000004 b rectDrawQueue
00117ed8 00000098 b rectsBufInfo
00117f70 00000004 b deltaTime
00117f78 00000008 b lastTime
00117f80 0000002c b rbBot
00117fac 0000002c b rbTop
00117fd8 00000040 b proj
00118018 0000000c b sound
00118024 00000018 b game
00118040 00000010 b textures
00118050 00000004 b vboData
00118054 00000098 b bufInfo
001180ec 00000004 b onCharacter
001180f0 00000004 b memory
001180f4 00000004 b memoryBase
001180f8 00000004 b memoryCap
001180fc 00000004 b memoryLower
00118100 00000004 b memoryUpper
00118104 0000000c b hookCookie
00118110 00000018 b C3Di_ShaderFVecData
00118128 000000c0 b C3Di_FVUnifEverDirty
001181e8 00000008 b C3Di_IVUnifEverDirty
001181f0 00000008 b sLinearPool
001181f8 0000000c b sAddrMap
00118204 00000008 b sVramPool
0011820c 0000000c b sAddrMap
00118218 00000001 b enable3d
0011821c 00000004 b screenFree
00118220 00000002 b currentBuffer
00118224 00000001 V __ctru_speedup
00118228 00000004 b romFS_offset
0011822c 00000004 b romFS_file
00118230 00000028 b romFS_header
00118258 00000004 b dirHashTable
0011825c 00000004 b dirTable
00118260 00000004 b fileHashTable
00118264 00000004 b fileTable
00118268 00000004 b romFS_cwd
0011826c 00000001 b romFS_active
00118270 00000401 b __component
00118674 00000802 b __utf16path
00118e78 00000004 b __apt_servicestr
00118e7c 0000000c b aptFirstHook
00118e88 00000001 B aptStatus
00118e8c 00000004 b aptRefCount
00118e90 00000002 b __apt_launchapplet_appID
00118e94 00000020 b __ns_capinfo
00118eb4 00000001 B aptStatusBeforeSleep
00118eb8 00000004 b __apt_launchapplet_parambuf
00118ebc 00000004 b __apt_launchapplet_parambufsize
00118ec0 00000004 b __apt_new3dsflag_initialized
00118ec4 00000001 b __apt_new3dsflag
00118ec8 00000004 b __apt_launchapplet_inhandle
00118ecc 00000004 b csndHandle
00118ed0 00000004 b csndRefCount
00118ed4 00000004 b csndMutex
00118ed8 00000004 b csndSharedMemBlock
00118edc 00000004 b csndCmdCurOff
00118ee0 00000004 b csndCmdStartOff
00118ee4 00000004 b fsuRefCount
00118ee8 00000004 b fsuHandle
00118eec 00000004 b gspEvent
00118ef0 00000004 b gspEventData
00118ef4 00000004 b gspRefCount
00118ef8 00000004 b hidRefCount
00118efc 00000004 b kOld
00118f00 00000004 b kHeld
00118f04 00000004 b cPos
00118f08 00000004 b tPos
00118f0c 00000006 b aVec
00118f14 00000006 b gRate
00118f1c 00000004 b kDown
00118f20 00000004 b kUp
00118f24 00000004 b irrstRefCount
00118f28 00000004 b kHeld
00118f2c 00000004 b csPos
00118f30 00000004 b ptmSysmRefCount
00118f34 00000004 b ptmSysmHandle
00118f38 00000004 B h_errno
00118f3c 00000004 B socMemhandle
00118f40 00000004 B SOCU_handle
00118f44 b saved_stack
00118f4c 00000008 b sMappablePool
00118f54 0000000c b sAddrMap
00118f60 00000004 b srvRefCount
00118f64 00000004 b srvHandle
00118f68 00000004 b arbiter
00118f6c 00000001 b sdmcInitialised
00118f70 00000004 b heap_start.5704
00118f74 00000004 B fake_heap_start
00118f78 00000004 B fake_heap_end
00118f7c 00001000 b temp_cwd
00119f7c 00000038 B __syscalls
00119fb4 00000004 B __malloc_max_total_mem
00119fb8 00000004 B __malloc_max_sbrked_mem
00119fbc 00000004 B __malloc_top_pad
00119fc0 00000028 B __malloc_current_mallinfo
00119fe8 00000040 B standard2DShader
0011a028 00000040 B standard3DShader
0011a068 00000040 B textureless3DShader
0011a0a8 00000040 B skinnedShader
0011a0e8 00000268 B __C3D_Context
0011a350 00000020 B C3D_IVUnif
0011a370 000000c0 B C3D_FVUnifDirty
0011a430 00000002 B C3D_BoolUnifsDirty
0011a434 00000008 B C3D_IVUnifDirty
0011a43c 00000004 B C3D_BoolUnifs
0011a440 00000c00 B C3D_FVUnif
0011b040 00000008 B gfxBottomFramebuffers
0011b048 00000004 B gspSharedMemHandle
0011b04c 0000001c B bottomFramebufferInfo
0011b068 00000004 B gspEvent
0011b06c 00000008 B gfxTopLeftFramebuffers
0011b074 00000008 B gfxTopRightFramebuffers
0011b07c 0000001c B topFramebufferInfo
0011b098 00000001 B gfxThreadID
0011b09c 00000004 B gfxSharedMemory
0011b0a0 00000004 B gpuCmdBuf
0011b0a4 00000004 B gpuCmdBufOffset
0011b0a8 00000004 B gpuCmdBufSize
0011b0ac 00000004 B gxCmdBuf
0011b0b0 00000004 B aptEventHandlerThread
0011b0b4 00000004 B aptSleepSync
0011b0b8 00001000 B aptParameters
0011c0b8 00000004 B aptuHandle
0011c0bc 0000000c B aptEvents
0011c0c8 00000004 B aptStatusEvent
0011c0cc 00000004 B aptStatusPower
0011c0d0 00000004 B aptStatusMutex
0011c0d4 00000004 B aptLockHandle
0011c0d8 00000002 B currentAppId
0011c0dc 00000004 B csndSharedMemSize
0011c0e0 00000010 B csndOffsets
0011c0f0 00000004 B csndChannels
0011c0f4 00000004 B csndSharedMem
0011c0f8 00000004 B gspGpuHandle
0011c0fc 00000004 B gspEventThread
0011c100 0000001c B gspEventCounts
0011c11c 0000001c B gspEvents
0011c138 00000001 B gspRunEvents
0011c13c 00000004 B hidMemHandle
0011c140 00000004 B hidHandle
0011c144 00000004 B hidSharedMem
0011c148 00000014 B hidEvents
0011c15c 00000004 B irrstHandle
0011c160 00000004 B irrstEvent
0011c164 00000004 B irrstMemHandle
0011c168 00000004 B irrstSharedMem
0011c16c 00000004 B __ctru_heap_size
0011c170 00000004 B __ctru_linear_heap
0011c174 00000004 B __ctru_heap
0011c178 00000004 B __ctru_linear_heap_size
0011c17c 00000004 B __system_argv
0011c180 00000004 B __system_argc
0011c184 00000004 B __system_retAddr
0011c188 B __tls_start
0011f594 B __bss_end__
0011f594 A __end__
0011f594 B __tls_end
